<!DOCTYPE html PUBLIC "-//W3C//DTD XHTML 1.1//EN" "https://www.w3.org/TR/xhtml11/DTD/xhtml11.dtd">
<html xmlns="https://www.w3.org/1999/xhtml">
<head>
<meta http-equiv="content-type" content="text/html; charset=UTF-8"/>
<title>TestNG Report</title>
<style type="text/css">table {margin-bottom:10px;border-collapse:collapse;empty-cells:show}th,td {border:1px solid #009;padding:.25em .5em}th {vertical-align:bottom}td {vertical-align:top}table a {font-weight:bold}.stripe td {background-color: #E6EBF9}.num {text-align:right}.passedodd td {background-color: #3F3}.passedeven td {background-color: #0A0}.skippedodd td {background-color: #DDD}.skippedeven td {background-color: #CCC}.failedodd td,.attn {background-color: #F33}.failedeven td,.stripe .attn {background-color: #D00}.stacktrace {white-space:pre;font-family:monospace}.totop {font-size:85%;text-align:center;border-bottom:2px solid #000}.invisible {display:none}</style>
</head>
<body>
<table>
<tr><th>Test</th><th># Passed</th><th># Skipped</th><th># Retried</th><th># Failed</th><th>Time (ms)</th><th>Included Groups</th><th>Excluded Groups</th></tr>
<tr><th colspan="8">Suite</th></tr>
<tr><td><a href="#t0">Test</a></td><td class="num">1</td><td class="num attn">13</td><td class="num">0</td><td class="num">0</td><td class="num">8,443</td><td></td><td></td></tr>
</table>
<table id='summary'><thead><tr><th>Class</th><th>Method</th><th>Start</th><th>Time (ms)</th></tr></thead><tbody><tr><th colspan="4">Suite</th></tr></tbody><tbody id="t0"><tr><th colspan="4">Test &#8212; failed (configuration methods)</th></tr><tr class="failedeven"><td rowspan="1">com.sauslab.testcases.cartTest</td><td><a href="#m0">setup</a></td><td rowspan="1">1692102449262</td><td rowspan="1">-1692102449262</td></tr><tr class="failedodd"><td rowspan="1">com.sauslab.testcases.checkoutcompletetest</td><td><a href="#m1">setup</a></td><td rowspan="1">1692102448076</td><td rowspan="1">-1692102448076</td></tr><tr class="failedeven"><td rowspan="1">com.sauslab.testcases.checkoutonetest</td><td><a href="#m2">setup</a></td><td rowspan="1">1692102448818</td><td rowspan="1">-1692102448818</td></tr><tr class="failedodd"><td rowspan="1">com.sauslab.testcases.checkoutsecondtest</td><td><a href="#m3">setup</a></td><td rowspan="1">1692102450016</td><td rowspan="1">-1692102450016</td></tr><tr class="failedeven"><td rowspan="1">com.sauslab.testcases.inventorytest</td><td><a href="#m4">setup</a></td><td rowspan="1">1692102449713</td><td rowspan="1">-1692102449713</td></tr><tr class="failedodd"><td rowspan="1">com.sauslab.testcases.logintest</td><td><a href="#m5">setup</a></td><td rowspan="1">1692102451122</td><td rowspan="1">-1692102451122</td></tr><tr><th colspan="4">Test &#8212; skipped (configuration methods)</th></tr><tr class="skippedeven"><td rowspan="7">com.sauslab.testcases.cartTest</td><td><a href="#m6">setup</a></td><td rowspan="3">1692102449371</td><td rowspan="3">0</td></tr><tr class="skippedeven"><td><a href="#m7">setup</a></td></tr><tr class="skippedeven"><td><a href="#m8">setup</a></td></tr><tr class="skippedeven"><td><a href="#m9">tearDown</a></td><td rowspan="4">1692102449399</td><td rowspan="4">0</td></tr><tr class="skippedeven"><td><a href="#m10">tearDown</a></td></tr><tr class="skippedeven"><td><a href="#m11">tearDown</a></td></tr><tr class="skippedeven"><td><a href="#m12">tearDown</a></td></tr><tr class="skippedodd"><td rowspan="1">com.sauslab.testcases.checkoutcompletetest</td><td><a href="#m13">tearDown</a></td><td rowspan="1">1692102448286</td><td rowspan="1">0</td></tr><tr class="skippedeven"><td rowspan="3">com.sauslab.testcases.checkoutonetest</td><td><a href="#m14">setup</a></td><td rowspan="1">1692102449195</td><td rowspan="1">0</td></tr><tr class="skippedeven"><td><a href="#m15">tearDown</a></td><td rowspan="2">1692102449233</td><td rowspan="2">0</td></tr><tr class="skippedeven"><td><a href="#m16">tearDown</a></td></tr><tr class="skippedodd"><td rowspan="5">com.sauslab.testcases.checkoutsecondtest</td><td><a href="#m17">setup</a></td><td rowspan="2">1692102450890</td><td rowspan="2">0</td></tr><tr class="skippedodd"><td><a href="#m18">setup</a></td></tr><tr class="skippedodd"><td><a href="#m19">tearDown</a></td><td rowspan="3">1692102450104</td><td rowspan="3">0</td></tr><tr class="skippedodd"><td><a href="#m20">tearDown</a></td></tr><tr class="skippedodd"><td><a href="#m21">tearDown</a></td></tr><tr class="skippedeven"><td rowspan="1">com.sauslab.testcases.inventorytest</td><td><a href="#m22">tearDown</a></td><td rowspan="1">1692102449738</td><td rowspan="1">0</td></tr><tr class="skippedodd"><td rowspan="3">com.sauslab.testcases.logintest</td><td><a href="#m23">setup</a></td><td rowspan="1">1692102451164</td><td rowspan="1">0</td></tr><tr class="skippedodd"><td><a href="#m24">tearDown</a></td><td rowspan="2">1692102451186</td><td rowspan="2">0</td></tr><tr class="skippedodd"><td><a href="#m25">tearDown</a></td></tr><tr><th colspan="4">Test &#8212; skipped</th></tr><tr class="skippedeven"><td rowspan="4">com.sauslab.testcases.cartTest</td><td><a href="#m26">carttest</a></td><td rowspan="1">1692102449298</td><td rowspan="1">0</td></tr><tr class="skippedeven"><td><a href="#m27">carttest1</a></td><td rowspan="1">1692102449382</td><td rowspan="1">0</td></tr><tr class="skippedeven"><td><a href="#m28">carttest2</a></td><td rowspan="1">1692102449602</td><td rowspan="1">0</td></tr><tr class="skippedeven"><td><a href="#m29">carttest3</a></td><td rowspan="1">1692102449663</td><td rowspan="1">0</td></tr><tr class="skippedodd"><td rowspan="1">com.sauslab.testcases.checkoutcompletetest</td><td><a href="#m30">CH_1</a></td><td rowspan="1">1692102448236</td><td rowspan="1">1</td></tr><tr class="skippedeven"><td rowspan="2">com.sauslab.testcases.checkoutonetest</td><td><a href="#m31">CO1</a></td><td rowspan="1">1692102448838</td><td rowspan="1">0</td></tr><tr class="skippedeven"><td><a href="#m32">CO2</a></td><td rowspan="1">1692102449215</td><td rowspan="1">1</td></tr><tr class="skippedodd"><td rowspan="3">com.sauslab.testcases.checkoutsecondtest</td><td><a href="#m33">CH_1</a></td><td rowspan="1">1692102450067</td><td rowspan="1">1</td></tr><tr class="skippedodd"><td><a href="#m34">CH_2</a></td><td rowspan="1">1692102450403</td><td rowspan="1">0</td></tr><tr class="skippedodd"><td><a href="#m35">CH_3</a></td><td rowspan="1">1692102450985</td><td rowspan="1">0</td></tr><tr class="skippedeven"><td rowspan="1">com.sauslab.testcases.inventorytest</td><td><a href="#m36">addtocart</a></td><td rowspan="1">1692102449722</td><td rowspan="1">0</td></tr><tr class="skippedodd"><td rowspan="2">com.sauslab.testcases.logintest</td><td><a href="#m37">loginTest</a></td><td rowspan="1">1692102451131</td><td rowspan="1">0</td></tr><tr class="skippedodd"><td><a href="#m38">verifyTitle</a></td><td rowspan="1">1692102451176</td><td rowspan="1">0</td></tr><tr><th colspan="4">Test &#8212; passed</th></tr><tr class="passedeven"><td rowspan="1">DevelopedFramework.developedframework.testClass</td><td><a href="#m39">firstTest</a></td><td rowspan="1">1692102442902</td><td rowspan="1">456</td></tr></tbody>
</table>
<h2>Test</h2><h3 id="m0">com.sauslab.testcases.cartTest#setup</h3><table class="result"><tr><th>Exception</th></tr><tr><td><div class="stacktrace">org.testng.TestNGException: 
Parameter &apos;browser&apos; is required by BeforeMethod on method setup but has not been marked @Optional or defined
in D:\NIkhlesh_Ruby\SeleniumFramework\testng.xml
	at java.base/java.util.ArrayList.forEach(ArrayList.java:1511)
... Removed 28 stack frames</div></td></tr></table><p class="totop"><a href="#summary">back to summary</a></p>
<h3 id="m1">com.sauslab.testcases.checkoutcompletetest#setup</h3><table class="result"><tr><th>Exception</th></tr><tr><td><div class="stacktrace">org.testng.TestNGException: 
Parameter &apos;browser&apos; is required by BeforeMethod on method setup but has not been marked @Optional or defined
in D:\NIkhlesh_Ruby\SeleniumFramework\testng.xml
	at java.base/java.util.ArrayList.forEach(ArrayList.java:1511)
... Removed 28 stack frames</div></td></tr></table><p class="totop"><a href="#summary">back to summary</a></p>
<h3 id="m2">com.sauslab.testcases.checkoutonetest#setup</h3><table class="result"><tr><th>Exception</th></tr><tr><td><div class="stacktrace">org.testng.TestNGException: 
Parameter &apos;browser&apos; is required by BeforeMethod on method setup but has not been marked @Optional or defined
in D:\NIkhlesh_Ruby\SeleniumFramework\testng.xml
	at java.base/java.util.ArrayList.forEach(ArrayList.java:1511)
... Removed 28 stack frames</div></td></tr></table><p class="totop"><a href="#summary">back to summary</a></p>
<h3 id="m3">com.sauslab.testcases.checkoutsecondtest#setup</h3><table class="result"><tr><th>Exception</th></tr><tr><td><div class="stacktrace">org.testng.TestNGException: 
Parameter &apos;browser&apos; is required by BeforeMethod on method setup but has not been marked @Optional or defined
in D:\NIkhlesh_Ruby\SeleniumFramework\testng.xml
	at java.base/java.util.ArrayList.forEach(ArrayList.java:1511)
... Removed 28 stack frames</div></td></tr></table><p class="totop"><a href="#summary">back to summary</a></p>
<h3 id="m4">com.sauslab.testcases.inventorytest#setup</h3><table class="result"><tr><th>Exception</th></tr><tr><td><div class="stacktrace">org.testng.TestNGException: 
Parameter &apos;browser&apos; is required by BeforeMethod on method setup but has not been marked @Optional or defined
in D:\NIkhlesh_Ruby\SeleniumFramework\testng.xml
	at java.base/java.util.ArrayList.forEach(ArrayList.java:1511)
... Removed 28 stack frames</div></td></tr></table><p class="totop"><a href="#summary">back to summary</a></p>
<h3 id="m5">com.sauslab.testcases.logintest#setup</h3><table class="result"><tr><th>Exception</th></tr><tr><td><div class="stacktrace">org.testng.TestNGException: 
Parameter &apos;browser&apos; is required by BeforeMethod on method setup but has not been marked @Optional or defined
in D:\NIkhlesh_Ruby\SeleniumFramework\testng.xml
	at java.base/java.util.ArrayList.forEach(ArrayList.java:1511)
... Removed 28 stack frames</div></td></tr></table><p class="totop"><a href="#summary">back to summary</a></p>
<h3 id="m6">com.sauslab.testcases.cartTest#setup</h3><table class="result"><tr><th class="invisible"/></tr></table><p class="totop"><a href="#summary">back to summary</a></p>
<h3 id="m7">com.sauslab.testcases.cartTest#setup</h3><table class="result"><tr><th class="invisible"/></tr></table><p class="totop"><a href="#summary">back to summary</a></p>
<h3 id="m8">com.sauslab.testcases.cartTest#setup</h3><table class="result"><tr><th class="invisible"/></tr></table><p class="totop"><a href="#summary">back to summary</a></p>
<h3 id="m9">com.sauslab.testcases.cartTest#tearDown</h3><table class="result"><tr><th class="invisible"/></tr></table><p class="totop"><a href="#summary">back to summary</a></p>
<h3 id="m10">com.sauslab.testcases.cartTest#tearDown</h3><table class="result"><tr><th class="invisible"/></tr></table><p class="totop"><a href="#summary">back to summary</a></p>
<h3 id="m11">com.sauslab.testcases.cartTest#tearDown</h3><table class="result"><tr><th class="invisible"/></tr></table><p class="totop"><a href="#summary">back to summary</a></p>
<h3 id="m12">com.sauslab.testcases.cartTest#tearDown</h3><table class="result"><tr><th class="invisible"/></tr></table><p class="totop"><a href="#summary">back to summary</a></p>
<h3 id="m13">com.sauslab.testcases.checkoutcompletetest#tearDown</h3><table class="result"><tr><th class="invisible"/></tr></table><p class="totop"><a href="#summary">back to summary</a></p>
<h3 id="m14">com.sauslab.testcases.checkoutonetest#setup</h3><table class="result"><tr><th class="invisible"/></tr></table><p class="totop"><a href="#summary">back to summary</a></p>
<h3 id="m15">com.sauslab.testcases.checkoutonetest#tearDown</h3><table class="result"><tr><th class="invisible"/></tr></table><p class="totop"><a href="#summary">back to summary</a></p>
<h3 id="m16">com.sauslab.testcases.checkoutonetest#tearDown</h3><table class="result"><tr><th class="invisible"/></tr></table><p class="totop"><a href="#summary">back to summary</a></p>
<h3 id="m17">com.sauslab.testcases.checkoutsecondtest#setup</h3><table class="result"><tr><th class="invisible"/></tr></table><p class="totop"><a href="#summary">back to summary</a></p>
<h3 id="m18">com.sauslab.testcases.checkoutsecondtest#setup</h3><table class="result"><tr><th class="invisible"/></tr></table><p class="totop"><a href="#summary">back to summary</a></p>
<h3 id="m19">com.sauslab.testcases.checkoutsecondtest#tearDown</h3><table class="result"><tr><th class="invisible"/></tr></table><p class="totop"><a href="#summary">back to summary</a></p>
<h3 id="m20">com.sauslab.testcases.checkoutsecondtest#tearDown</h3><table class="result"><tr><th class="invisible"/></tr></table><p class="totop"><a href="#summary">back to summary</a></p>
<h3 id="m21">com.sauslab.testcases.checkoutsecondtest#tearDown</h3><table class="result"><tr><th class="invisible"/></tr></table><p class="totop"><a href="#summary">back to summary</a></p>
<h3 id="m22">com.sauslab.testcases.inventorytest#tearDown</h3><table class="result"><tr><th class="invisible"/></tr></table><p class="totop"><a href="#summary">back to summary</a></p>
<h3 id="m23">com.sauslab.testcases.logintest#setup</h3><table class="result"><tr><th class="invisible"/></tr></table><p class="totop"><a href="#summary">back to summary</a></p>
<h3 id="m24">com.sauslab.testcases.logintest#tearDown</h3><table class="result"><tr><th class="invisible"/></tr></table><p class="totop"><a href="#summary">back to summary</a></p>
<h3 id="m25">com.sauslab.testcases.logintest#tearDown</h3><table class="result"><tr><th class="invisible"/></tr></table><p class="totop"><a href="#summary">back to summary</a></p>
<h3 id="m26">com.sauslab.testcases.cartTest#carttest</h3><table class="result"><tr><th>Exception</th></tr><tr><td><div class="stacktrace">org.testng.TestNGException: 
Parameter &apos;browser&apos; is required by BeforeMethod on method setup but has not been marked @Optional or defined
in D:\NIkhlesh_Ruby\SeleniumFramework\testng.xml
	at java.base/java.util.ArrayList.forEach(ArrayList.java:1511)
... Removed 28 stack frames</div></td></tr></table><p class="totop"><a href="#summary">back to summary</a></p>
<h3 id="m27">com.sauslab.testcases.cartTest#carttest1</h3><table class="result"><tr><th>Exception</th></tr><tr><td><div class="stacktrace">org.testng.TestNGException: 
Parameter &apos;browser&apos; is required by BeforeMethod on method setup but has not been marked @Optional or defined
in D:\NIkhlesh_Ruby\SeleniumFramework\testng.xml
	at java.base/java.util.ArrayList.forEach(ArrayList.java:1511)
... Removed 28 stack frames</div></td></tr></table><p class="totop"><a href="#summary">back to summary</a></p>
<h3 id="m28">com.sauslab.testcases.cartTest#carttest2</h3><table class="result"><tr><th>Exception</th></tr><tr><td><div class="stacktrace">org.testng.TestNGException: 
Parameter &apos;browser&apos; is required by BeforeMethod on method setup but has not been marked @Optional or defined
in D:\NIkhlesh_Ruby\SeleniumFramework\testng.xml
	at java.base/java.util.ArrayList.forEach(ArrayList.java:1511)
... Removed 28 stack frames</div></td></tr></table><p class="totop"><a href="#summary">back to summary</a></p>
<h3 id="m29">com.sauslab.testcases.cartTest#carttest3</h3><table class="result"><tr><th>Exception</th></tr><tr><td><div class="stacktrace">org.testng.TestNGException: 
Parameter &apos;browser&apos; is required by BeforeMethod on method setup but has not been marked @Optional or defined
in D:\NIkhlesh_Ruby\SeleniumFramework\testng.xml
	at java.base/java.util.ArrayList.forEach(ArrayList.java:1511)
... Removed 28 stack frames</div></td></tr></table><p class="totop"><a href="#summary">back to summary</a></p>
<h3 id="m30">com.sauslab.testcases.checkoutcompletetest#CH_1</h3><table class="result"><tr class="param"><th>Parameter #1</th><th>Parameter #2</th><th>Parameter #3</th><th>Parameter #4</th><th>Parameter #5</th></tr><tr class="param stripe"><td>standard_user</td><td>secret_sauce</td><td>Nikhlesh</td><td>Gujrati</td><td>457001.0</td></tr><tr><th colspan="5">Exception</th></tr><tr><td colspan="5"><div class="stacktrace">org.testng.TestNGException: 
Parameter &apos;browser&apos; is required by BeforeMethod on method setup but has not been marked @Optional or defined
in D:\NIkhlesh_Ruby\SeleniumFramework\testng.xml
	at java.base/java.util.ArrayList.forEach(ArrayList.java:1511)
... Removed 28 stack frames</div></td></tr></table><p class="totop"><a href="#summary">back to summary</a></p>
<h3 id="m31">com.sauslab.testcases.checkoutonetest#CO1</h3><table class="result"><tr class="param"><th>Parameter #1</th><th>Parameter #2</th></tr><tr class="param stripe"><td>standard_user</td><td>secret_sauce</td></tr><tr><th colspan="2">Exception</th></tr><tr><td colspan="2"><div class="stacktrace">org.testng.TestNGException: 
Parameter &apos;browser&apos; is required by BeforeMethod on method setup but has not been marked @Optional or defined
in D:\NIkhlesh_Ruby\SeleniumFramework\testng.xml
	at java.base/java.util.ArrayList.forEach(ArrayList.java:1511)
... Removed 28 stack frames</div></td></tr></table><p class="totop"><a href="#summary">back to summary</a></p>
<h3 id="m32">com.sauslab.testcases.checkoutonetest#CO2</h3><table class="result"><tr class="param"><th>Parameter #1</th><th>Parameter #2</th><th>Parameter #3</th><th>Parameter #4</th><th>Parameter #5</th></tr><tr class="param stripe"><td>standard_user</td><td>secret_sauce</td><td>Nikhlesh</td><td>Gujrati</td><td>457001.0</td></tr><tr><th colspan="5">Exception</th></tr><tr><td colspan="5"><div class="stacktrace">org.testng.TestNGException: 
Parameter &apos;browser&apos; is required by BeforeMethod on method setup but has not been marked @Optional or defined
in D:\NIkhlesh_Ruby\SeleniumFramework\testng.xml
	at java.base/java.util.ArrayList.forEach(ArrayList.java:1511)
... Removed 28 stack frames</div></td></tr></table><p class="totop"><a href="#summary">back to summary</a></p>
<h3 id="m33">com.sauslab.testcases.checkoutsecondtest#CH_1</h3><table class="result"><tr class="param"><th>Parameter #1</th><th>Parameter #2</th><th>Parameter #3</th><th>Parameter #4</th><th>Parameter #5</th></tr><tr class="param stripe"><td>standard_user</td><td>secret_sauce</td><td>Nikhlesh</td><td>Gujrati</td><td>457001.0</td></tr><tr><th colspan="5">Exception</th></tr><tr><td colspan="5"><div class="stacktrace">org.testng.TestNGException: 
Parameter &apos;browser&apos; is required by BeforeMethod on method setup but has not been marked @Optional or defined
in D:\NIkhlesh_Ruby\SeleniumFramework\testng.xml
	at java.base/java.util.ArrayList.forEach(ArrayList.java:1511)
... Removed 28 stack frames</div></td></tr></table><p class="totop"><a href="#summary">back to summary</a></p>
<h3 id="m34">com.sauslab.testcases.checkoutsecondtest#CH_2</h3><table class="result"><tr class="param"><th>Parameter #1</th><th>Parameter #2</th><th>Parameter #3</th><th>Parameter #4</th><th>Parameter #5</th></tr><tr class="param stripe"><td>standard_user</td><td>secret_sauce</td><td>Nikhlesh</td><td>Gujrati</td><td>457001.0</td></tr><tr><th colspan="5">Exception</th></tr><tr><td colspan="5"><div class="stacktrace">org.testng.TestNGException: 
Parameter &apos;browser&apos; is required by BeforeMethod on method setup but has not been marked @Optional or defined
in D:\NIkhlesh_Ruby\SeleniumFramework\testng.xml
	at java.base/java.util.ArrayList.forEach(ArrayList.java:1511)
... Removed 28 stack frames</div></td></tr></table><p class="totop"><a href="#summary">back to summary</a></p>
<h3 id="m35">com.sauslab.testcases.checkoutsecondtest#CH_3</h3><table class="result"><tr class="param"><th>Parameter #1</th><th>Parameter #2</th><th>Parameter #3</th><th>Parameter #4</th><th>Parameter #5</th></tr><tr class="param stripe"><td>standard_user</td><td>secret_sauce</td><td>Nikhlesh</td><td>Gujrati</td><td>457001.0</td></tr><tr><th colspan="5">Exception</th></tr><tr><td colspan="5"><div class="stacktrace">org.testng.TestNGException: 
Parameter &apos;browser&apos; is required by BeforeMethod on method setup but has not been marked @Optional or defined
in D:\NIkhlesh_Ruby\SeleniumFramework\testng.xml
	at java.base/java.util.ArrayList.forEach(ArrayList.java:1511)
... Removed 28 stack frames</div></td></tr></table><p class="totop"><a href="#summary">back to summary</a></p>
<h3 id="m36">com.sauslab.testcases.inventorytest#addtocart</h3><table class="result"><tr><th>Exception</th></tr><tr><td><div class="stacktrace">org.testng.TestNGException: 
Parameter &apos;browser&apos; is required by BeforeMethod on method setup but has not been marked @Optional or defined
in D:\NIkhlesh_Ruby\SeleniumFramework\testng.xml
	at java.base/java.util.ArrayList.forEach(ArrayList.java:1511)
... Removed 28 stack frames</div></td></tr></table><p class="totop"><a href="#summary">back to summary</a></p>
<h3 id="m37">com.sauslab.testcases.logintest#loginTest</h3><table class="result"><tr class="param"><th>Parameter #1</th><th>Parameter #2</th></tr><tr class="param stripe"><td>standard_user</td><td>secret_sauce</td></tr><tr><th colspan="2">Exception</th></tr><tr><td colspan="2"><div class="stacktrace">org.testng.TestNGException: 
Parameter &apos;browser&apos; is required by BeforeMethod on method setup but has not been marked @Optional or defined
in D:\NIkhlesh_Ruby\SeleniumFramework\testng.xml
	at java.base/java.util.ArrayList.forEach(ArrayList.java:1511)
... Removed 28 stack frames</div></td></tr></table><p class="totop"><a href="#summary">back to summary</a></p>
<h3 id="m38">com.sauslab.testcases.logintest#verifyTitle</h3><table class="result"><tr><th>Exception</th></tr><tr><td><div class="stacktrace">org.testng.TestNGException: 
Parameter &apos;browser&apos; is required by BeforeMethod on method setup but has not been marked @Optional or defined
in D:\NIkhlesh_Ruby\SeleniumFramework\testng.xml
	at java.base/java.util.ArrayList.forEach(ArrayList.java:1511)
... Removed 28 stack frames</div></td></tr></table><p class="totop"><a href="#summary">back to summary</a></p>
<h3 id="m39">DevelopedFramework.developedframework.testClass#firstTest</h3><table class="result"><tr><th class="invisible"/></tr></table><p class="totop"><a href="#summary">back to summary</a></p>
</body>
</html>
